<?xml version="1.0" encoding="UTF-8"?>
<testsuite xmlns:xsi="http://www.w3.org/2001/XMLSchema-instance" xsi:noNamespaceSchemaLocation="https://maven.apache.org/surefire/maven-surefire-plugin/xsd/surefire-test-report-3.0.xsd" version="3.0" name="Sweet.system.AcceptanceTest" time="3.049" tests="52" errors="0" skipped="0" failures="0">
  <properties>
[...]
</properties>
  <testcase name="Store owner or provider updates their email address" classname="Manage account details and update business information" time="0.254">
    <system-out><![CDATA[newemail@example.com]]></system-out>
  </testcase>
  <testcase name="Store owner or provider updates their password" classname="Manage account details and update business information" time="0.019"/>
  <testcase name="Store owner or provider updates their city" classname="Manage account details and update business information" time="0.018"/>
  <testcase name="Create new account for Service Provider" classname="Admin Management" time="0.026"/>
  <testcase name="Delete account" classname="Admin Management" time="0.014"/>
  <testcase name="Update an existing account #1" classname="Admin Management" time="0.014"/>
  <testcase name="Update an existing account #2" classname="Admin Management" time="0.01"/>
  <testcase name="Update an existing account #3" classname="Admin Management" time="0.009"/>
  <testcase name="Admin views all products" classname="Admin Management" time="0.01"/>
  <testcase name="Admin views all recipes" classname="Admin Management" time="0.008"/>
  <testcase name="User sends a message to a recipient #1" classname="Direct Communication with Store Owners and Suppliers" time="0.015"/>
  <testcase name="User sends a message to a recipient #2" classname="Direct Communication with Store Owners and Suppliers" time="0.009"/>
  <testcase name="User receives a response to their inquiry or request #1" classname="Direct Communication with Store Owners and Suppliers" time="0.011"/>
  <testcase name="User receives a response to their inquiry or request #2" classname="Direct Communication with Store Owners and Suppliers" time="0.008"/>
  <testcase name="User provides feedback on a purchased product #1" classname="Feedback on Purchased Products and Shared Recipes" time="0.011"/>
  <testcase name="User provides feedback on a purchased product #2" classname="Feedback on Purchased Products and Shared Recipes" time="0.007"/>
  <testcase name="User provides feedback on a shared recipe #1" classname="Feedback on Purchased Products and Shared Recipes" time="0.017"/>
  <testcase name="User provides feedback on a shared recipe #2" classname="Feedback on Purchased Products and Shared Recipes" time="0.009"/>
  <testcase name="Invalid email #1" classname="Login" time="0.01"/>
  <testcase name="Invalid email #2" classname="Login" time="0.008"/>
  <testcase name="Invalid password #1" classname="Login" time="0.008"/>
  <testcase name="Invalid password #2" classname="Login" time="0.007"/>
  <testcase name="Invalid information #1" classname="Login" time="0.009"/>
  <testcase name="Invalid information #2" classname="Login" time="0.007"/>
  <testcase name="Monitor profits and generate financial reports" classname="Monitor profits and generate financial reports" time="0.007"/>
  <testcase name="Identify best-selling products in each store" classname="Monitor profits and generate financial reports" time="0.011"/>
  <testcase name="Gather and display statistics on registered users by City" classname="Monitor profits and generate financial reports" time="0.007"/>
  <testcase name="Store owner or raw material supplier adds a new product to their inventory" classname="Product Management" time="0.012"/>
  <testcase name="Store owner or raw material supplier updates the details of an existing product" classname="Product Management" time="0.008"/>
  <testcase name="Store owner or raw material supplier removes an existing product from their inventory" classname="Product Management" time="0.011"/>
  <testcase name="Monitor sales and profits" classname="Product Management" time="0.012"/>
  <testcase name="Identify best-selling products" classname="Product Management" time="0.007"/>
  <testcase name="Store owner or raw material supplier applies a discount to a product" classname="Product Management" time="0.007"/>
  <testcase name="Search for a store owner&apos;s product by name based on dietary needs or food allergies #1" classname="Browse and search for dessert recipes and store owner products by name" time="0.012"/>
  <testcase name="Search for a store owner&apos;s product by name based on dietary needs or food allergies #2" classname="Browse and search for dessert recipes and store owner products by name" time="0.008"/>
  <testcase name="Search for a store owner&apos;s product by name based on dietary needs or food allergies #3" classname="Browse and search for dessert recipes and store owner products by name" time="0.007"/>
  <testcase name="Search for a store owner&apos;s product by name that does not exist or did not meet dietary needs or food allergies #1" classname="Browse and search for dessert recipes and store owner products by name" time="0.009"/>
  <testcase name="Search for a store owner&apos;s product by name that does not exist or did not meet dietary needs or food allergies #2" classname="Browse and search for dessert recipes and store owner products by name" time="0.006"/>
  <testcase name="Search for a store owner&apos;s product by name that does not exist or did not meet dietary needs or food allergies #3" classname="Browse and search for dessert recipes and store owner products by name" time="0.007"/>
  <testcase name="Search for products with dietary needs that have no matches #1" classname="Browse and search for dessert recipes and store owner products by name" time="0.005"/>
  <testcase name="Search for products with dietary needs that have no matches #2" classname="Browse and search for dessert recipes and store owner products by name" time="0.005"/>
  <testcase name="Purchase products and add to basket" classname="Browse and search for dessert recipes and store owner products by name" time="0.011"/>
  <testcase name="Clear user&apos;s basket" classname="Browse and search for dessert recipes and store owner products by name" time="0.012"/>
  <testcase name="Search for a dessert recipe by name from other users #1" classname="Browse and search for dessert recipes by name from other users #1" time="0.005"/>
  <testcase name="Search for a dessert recipe by name from other users #2" classname="Browse and search for dessert recipes by name from other users #1" time="0.004"/>
  <testcase name="Search for a dessert recipe by name that does not exist" classname="Browse and search for dessert recipes by name from other users #1" time="0.004"/>
  <testcase name="Search for a dessert recipe by name from other users" classname="Browse and search for dessert recipes by name from other users #2" time="0.004"/>
  <testcase name="Search for a dessert recipe by name that does not exist" classname="Browse and search for dessert recipes by name from other users #2" time="0.004"/>
  <testcase name="trying to signing up with an existing email" classname="Sign up" time="0.005"/>
  <testcase name="trying to signing up with incorrect email format" classname="Sign up" time="0.004"/>
  <testcase name="trying to signing up with new account #1" classname="Sign up" time="0.005"/>
  <testcase name="trying to signing up with new account #2" classname="Sign up" time="0.005"/>
</testsuite>